<?xml version="1.0" encoding="UTF-8"?>
<!-- Generated by org.testng.reporters.JUnitReportReporter -->
<testsuite skipped="0" hostname="DESKTOP-0JUEEOV" name="com.creditcards.Creditmain" tests="6" failures="0" timestamp="26 Nov 2018 03:30:53 GMT" time="96.554" errors="0">
  <testcase name="cardIssuerDropDownTest" time="14.007" classname="com.creditcards.Creditmain"/>
  <testcase name="logoLinkTest" time="17.889" classname="com.creditcards.Creditmain"/>
  <testcase name="cssColorValidationTest" time="12.763" classname="com.creditcards.Creditmain"/>
  <testcase name="pageTitleTest" time="12.000" classname="com.creditcards.Creditmain"/>
  <testcase name="cardMatchPageFormValidation" time="18.099" classname="com.creditcards.Creditmain"/>
  <testcase name="pageNavigationTest" time="21.796" classname="com.creditcards.Creditmain"/>
</testsuite> <!-- com.creditcards.Creditmain -->
